[2025-09-15 13:51:58] [INFO ] main: {
  ["CampaignCharacter"] = {
    ["ActionPointsRatio"] = "function: 2CF5F200",
    ["Release"] = "function: 2CF60020",
    ["new"] = "function: 2CFD90B8",
  },
  ["CampaignSettlement"] = {
    ["LabelDetails"] = "function: 2D04CB78",
    ["ListDetails"] = "function: 2D04C978",
    ["Release"] = "function: 2D04C958",
    ["Settlement"] = "function: 2D04CB98",
    ["new"] = "function: 2CFD9190",
  },
  ["CampaignUI"] = {
    ["ClearSelection"] = "function: 2CFD8E30",
    ["CurrentTabTypename"] = "function: 2CFD8E60",
    ["GetCameraPosition"] = "function: 2CFD8CF8",
    ["HighlightComponent"] = "function: 2CFD8C68",
    ["HighlightConstructionItem"] = "function: 2CFD8C50",
    ["HighlightRecruitmentItem"] = "function: 2CFD8C80",
    ["IsMultiplayer"] = "function: 2CFD8D10",
    ["IsPreBattleTypeSiege"] = "function: 2CFD8E48",
    ["SetCameraHeading"] = "function: 2CFD8D58",
    ["SetCameraMaxTiltAngle"] = "function: 2CFD8C98",
    ["SetCameraMinDistance"] = "function: 2CFD8CB0",
    ["SetCameraTarget"] = "function: 2CFD8CE0",
    ["SetCameraTargetInstant"] = "function: 2CFD8D70",
    ["SetCameraZoom"] = "function: 2CFD8CC8",
    ["ToggleCinematicBorders"] = "function: 2CFD8D40",
    ["ToggleScreenCover"] = "function: 2CFD8D28",
    ["clear_highlights"] = "function: 2CFD8E18",
    ["highlight_character"] = "function: 2CFD8D88",
    ["highlight_position"] = "function: 2CFD8DE8",
    ["highlight_settlement"] = "function: 2CFD8DB8",
    ["unhighlight_character"] = "function: 2CFD8DA0",
    ["unhighlight_position"] = "function: 2CFD8E00",
    ["unhighlight_settlement"] = "function: 2CFD8DD0",
  },
  ["Cursor"] = {
    ["DistanceToBL"] = "function: 2CF5F300",
    ["Mode"] = "function: 2CF5F360",
    ["ModeString"] = "function: 2CF5F320",
    ["Modes"] = "function: 2CF5F340",
    ["SetMode"] = "function: 2CF5F380",
    ["new"] = "function: 2CFD8F08",
  },
  ["HudManager"] = {
    ["Dimensions"] = "function: 2CFD9808",
    ["MoveRelativeToHUD"] = "function: 2CFD97F0",
    ["RegisterHud"] = "function: 2CFD97D8",
  },
  ["MPAvatar"] = {
    ["Free"] = "function: 2CF5F280",
    ["SetComponentTexture"] = "function: 2CF5F2A0",
    ["Valid"] = "function: 2CF5F260",
    ["new"] = "function: 2CFD8FE0",
  },
  ["MessageManager"] = {
    ["CanDismissAllMessages"] = "function: 2CFD9E98",
    ["CheckForAutoOpen"] = "function: 2CFD9EE0",
    ["ClearMessagesFromEnv"] = "function: 2CFD9E50",
    ["ClearOverrides"] = "function: 2CFD9DC0",
    ["ClosePanelIfNoMessage"] = "function: 2CFD9F28",
    ["DestroyAllMessages"] = "function: 2CFD9EF8",
    ["DismissAllMessages"] = "function: 2CFD9E80",
    ["HasMessagesStored"] = "function: 2CFD9E20",
    ["HideAllMessages"] = "function: 2CFD9EC8",
    ["HideMessage"] = "function: 2CFD9EB0",
    ["HidingMessage"] = "function: 2CFD9DF0",
    ["InitMessageCallback"] = "function: 2CFD9F10",
    ["OverrideAutoShow"] = "function: 2CFD9820",
    ["PendingAutoShowMessage"] = "function: 2CFD9E38",
    ["ReInitialiseStackbase"] = "function: 2CFD9DA8",
    ["RestoreMessages"] = "function: 2CFD9E68",
    ["SelectLayout"] = "function: 2CFD9F58",
    ["SetCurrentMessageUnread"] = "function: 2CFD9F40",
    ["ShowingMessage"] = "function: 2CFD9DD8",
    ["StoreMessages"] = "function: 2CFD9E08",
  },
  ["PanelManager"] = {
    ["ClearCachedComponent"] = "function: 2CFD9208",
    ["CloseAllPanels"] = "function: 2CFD9238",
    ["ClosePanel"] = "function: 2CFD91F0",
    ["IsPanelOpen"] = "function: 2CFD91D8",
    ["OpenPanel"] = "function: 2CFD91A8",
    ["OpenPanels"] = "function: 2CFD9220",
    ["Reset"] = "function: 2CFD9250",
  },
  ["decoda_name"] = "CampaignScriptingInterface",
  ["out"] = {
    ["design"] = "function: 2CFD8C20",
    ["dylan"] = "function: 2CFD8BC0",
    ["kostas"] = "function: 2CFD8BD8",
    ["scott_b"] = "function: 2CFD8C08",
    ["shane"] = "function: 2CFD8B90",
    ["ting"] = "function: 2CFD8BF0",
    ["tom"] = "function: 2CFD8BA8",
  },
},
